2023-06-20T01:44:44.850Z-error: Dabase Error
2023-06-20T01:45:30.354Z-error: Dabase Error
2023-06-20T01:46:00.712Z-error: Dabase Error
2023-06-20T01:50:39.496Z-error: Dabase Error
2023-06-20T01:51:14.659Z-error: Dabase Error
2023-06-20T02:07:17.298Z-error: Dabase Error
2023-06-20T02:11:05.205Z-error: Dabase Error
2023-06-20T02:12:03.094Z-error: Dabase Error
2023-06-20T02:19:20.075Z-error: Dabase Error
2023-06-22T01:03:03.256Z-error: Unexpected token } in JSON at position 94
2023-06-22T01:05:32.138Z-error: Unexpected token } in JSON at position 94
2023-06-22T01:06:00.575Z-error: Unexpected token ' in JSON at position 16
2023-06-22T01:11:32.027Z-error: database "gestion_cita1" does not exist
2023-06-22T01:14:29.015Z-error: database "gestion_cita1" does not exist
2023-06-22T01:15:09.123Z-error: database "gestion_cita1" does not exist
2023-06-22T01:15:09.123Z-error: Error creating doctor: error: database "gestion_cita1" does not exist
2023-06-22T01:15:22.358Z-error: database "gestion_cita1" does not exist
2023-06-22T01:15:22.358Z-error: Error creating doctor: error: database "gestion_cita1" does not exist
2023-06-22T01:16:29.269Z-error: Error creating doctor: error: database "gestion_cita1" does not exist
2023-06-22T01:18:02.786Z-error: Internal Server Error
2023-06-22T01:19:08.626Z-error: Internal Server Error
2023-06-22T01:19:16.801Z-error: Internal Server Error
2023-06-22T01:19:47.999Z-error: Internal Server Error
2023-06-22T01:20:33.396Z-error: Internal Server Error
2023-06-22T01:22:44.205Z-error: Internal Server Error
2023-06-22T01:24:40.933Z-error: Internal Server Error
2023-06-22T01:32:55.481Z-error: Failed to create doctor
2023-06-22T01:33:51.958Z-error: Failed to create doctor
2023-06-22T01:34:09.975Z-error: Failed to create doctor
2023-06-22T01:36:05.413Z-error: Failed to create doctor repository
2023-06-22T01:36:55.931Z-error: Failed to create doctor dubt: error: database "gestion_cita1" does not exist
2023-06-22T01:39:07.486Z-error: Failed to create doctor dubt: error: database "gestion_cita1" does not exist
2023-06-22T01:45:03.544Z-error: Failed to create doctor dubt: error: database "gestion_cita1" does not exist
2023-06-22T01:45:26.417Z-error: Failed to create doctor dubt: error: database "gestion_cita1" does not exist
2023-06-22T01:48:06.008Z-error: Failed to create doctor dubt: error: database "gestion_cita1" does not exist
2023-06-22T02:28:21.280Z-error: Record has not found yet
2023-06-22T02:30:36.460Z-error: Record has not found yet
2023-06-22T02:31:34.848Z-error: Record has not found yet
2023-06-22T02:32:01.334Z-error: Record has not found yet
2023-06-22T02:32:35.323Z-error: Record has not found yet
2023-06-22T02:34:41.157Z-error: Failed get doctor by id in repository
2023-06-22T02:34:41.157Z-error: Record has not found yet
2023-06-22T02:35:16.091Z-error: Record has not found yet
2023-06-22T02:36:03.877Z-error: Failed get doctor by id in repository
2023-06-22T02:36:03.878Z-error: Record has not found yet
2023-06-22T02:42:19.366Z-error: Internal Server Error
2023-06-22T02:42:55.239Z-error: Internal Server Error
2023-06-22T02:43:11.640Z-error: Internal Server Error
2023-06-22T02:45:05.590Z-error: Internal Server Error
2023-06-22T02:45:05.594Z-error: Record has not found yet
2023-06-22T02:45:38.105Z-error: Internal Server Error
2023-06-22T02:45:38.110Z-error: Record has not found yet
2023-06-22T02:46:06.303Z-error: Internal Server Error
2023-06-22T02:46:06.307Z-error: Record has not found yet
2023-06-22T02:46:22.396Z-error: Internal Server Error
2023-06-22T02:46:22.400Z-error: Record has not found yet
2023-06-22T02:46:29.887Z-error: Internal Server Error
2023-06-22T02:46:29.891Z-error: Record has not found yet
2023-06-22T02:48:14.326Z-error: Internal Server Error
2023-06-22T02:48:14.330Z-error: Record has not found yet
2023-06-22T02:48:14.331Z-error: Internal Server Error
2023-06-22T02:48:37.967Z-error: Internal Server Error
2023-06-22T02:48:37.970Z-error: Record has not found yet
2023-06-22T02:48:37.971Z-error: Internal Server Error
2023-06-22T02:51:42.196Z-error: Internal Server Error
2023-06-22T02:51:42.201Z-error: Record has not found yet
2023-06-22T02:51:42.202Z-error: Internal Server Error
2023-06-22T02:51:49.412Z-error: Internal Server Error
2023-06-22T02:51:49.417Z-error: Record has not found yet
2023-06-22T02:51:49.419Z-error: Internal Server Error
2023-06-22T02:53:04.812Z-error: Internal Server Error
2023-06-22T02:53:04.816Z-error: Record has not found yet
2023-06-22T02:53:04.817Z-error: Internal Server Error
2023-06-22T02:53:27.789Z-error: Internal Server Error
2023-06-22T02:53:27.793Z-error: Record has not found yet
2023-06-22T02:53:27.794Z-error: Internal Server Error
2023-06-22T02:53:40.236Z-error: Internal Server Error
2023-06-22T02:53:40.241Z-error: Record has not found yet
2023-06-22T02:53:40.241Z-error: Internal Server Error
2023-06-22T02:56:15.271Z-error: Internal Server Error
2023-06-22T02:56:15.280Z-error: Record has not found yet
2023-06-22T02:56:15.281Z-error: Internal Server Error
2023-06-22T02:57:38.625Z-error: Internal Server Error
2023-06-22T02:57:38.628Z-error: Record has not found yet
2023-06-22T02:57:38.629Z-error: Internal Server Error
2023-06-23T00:59:18.508Z-error: Failed to update doctor from service
2023-06-23T00:59:18.509Z-error: Failed to update doctor
2023-06-23T01:00:05.291Z-error: Failed to update doctor from service
2023-06-23T01:00:05.291Z-error: Failed to update doctor
2023-06-23T01:30:52.709Z-error: Failed get patient by id in repository
2023-06-23T01:30:52.709Z-error: Record has not found yet
2023-06-23T01:32:58.841Z-error: Record has not found yet
2023-06-23T01:35:39.741Z-error: Failed get patient by id in repository
2023-06-23T01:35:39.741Z-error: Record has not found yet
2023-06-23T01:38:36.213Z-error: Failed get patient by id in repository
2023-06-23T01:38:36.213Z-error: Record has not found yet
2023-06-23T01:41:49.636Z-error: Id must be a number
2023-06-24T02:23:13.727Z-error: Failed get appointment by id in repository
2023-06-24T02:23:13.727Z-error: Failed to get appointment from service
2023-06-24T02:23:13.728Z-error: Record has not found yet
2023-06-24T02:28:08.476Z-error: database "gestion_citas1" does not exist
2023-06-24T02:28:53.679Z-error: database "gestion_citas1" does not exist
2023-06-24T02:28:53.679Z-error: Failed getting all appointments from service
2023-06-24T02:30:50.112Z-error: database "gestion_citas1" does not exist
2023-06-24T02:30:50.112Z-error: Failed getting all appointments from service aca
2023-06-24T02:40:46.437Z-error: Failed to create doctor dubt: error: database "gestion_citas1" does not exist
2023-07-01T03:33:46.267Z-error: Record has not found yet
2023-07-01T03:33:46.276Z-error: Internal Server Error
2023-07-11T23:08:09.261Z-error: Failed to create doctor dubt: Error: connect ECONNREFUSED ::1:5433
2023-07-11T23:18:31.720Z-error: Failed to create doctor dubt: Error: connect ECONNREFUSED ::1:5433
2023-07-11T23:21:10.549Z-error: Failed to create doctor dubt: Error: connect ECONNREFUSED ::1:5433
2023-07-11T23:22:55.908Z-error: Failed to create doctor dubt: Error: getaddrinfo ENOTFOUND postgres
2023-07-12T01:36:50.685Z-error: Id must be a number
2023-07-12T02:30:41.074Z-error: Failed updated doctor in repository
2023-07-12T02:32:23.565Z-error: Failed updated doctor in repository
2023-07-12T02:33:02.858Z-error: Failed updated doctor in repository
2023-07-12T02:43:42.768Z-error: Failed to update paciente from service
2023-07-12T02:43:42.770Z-error: Failed to update doctor
2023-07-12T02:44:38.918Z-error: Failed to update paciente from service
2023-07-12T02:44:38.918Z-error: Failed to update doctor
2023-07-12T02:44:56.376Z-error: Failed to update paciente from service
2023-07-12T02:44:56.377Z-error: Failed to update paciente
2023-07-12T02:47:31.012Z-error: Failed to update paciente from service
2023-07-12T02:47:31.013Z-error: Failed to update paciente
2023-07-12T02:47:56.785Z-error: Failed to update paciente from service
2023-07-12T02:47:56.786Z-error: Failed to update paciente
2023-07-12T02:49:53.160Z-error: Failed to delete paciente from service
2023-07-12T02:49:53.161Z-error: Failed to delete paciente
2023-07-12T04:06:28.460Z-error: Failed to create appointment from service
2023-07-12T04:07:42.557Z-error: Failed to create appointment from service
2023-07-14T00:57:42.903Z-error: Record has not found yet
2023-07-14T00:57:42.911Z-error: Internal Server Error
2023-07-14T01:00:51.504Z-error: Record has not found yet
2023-07-14T01:00:51.513Z-error: Internal Server Error
2023-07-14T01:02:08.825Z-error: Record has not found yet
2023-07-14T01:02:08.834Z-error: Internal Server Error
2023-07-14T16:12:18.788Z-error: Record has not found yet
2023-07-14T16:12:18.797Z-error: Internal Server Error
2023-07-14T16:12:18.998Z-error: Internal Server Error
2023-07-14T16:12:19.007Z-error: Record has not found yet
2023-07-14T16:12:19.008Z-error: Internal Server Error
2023-07-14T16:16:34.949Z-error: Internal Server Error
2023-07-14T16:16:34.958Z-error: Record has not found yet
2023-07-14T16:16:34.960Z-error: Internal Server Error
2023-07-14T16:16:35.115Z-error: Record has not found yet
2023-07-14T16:16:35.123Z-error: Internal Server Error
2023-07-14T16:18:04.642Z-error: Internal Server Error
2023-07-14T16:18:04.651Z-error: Record has not found yet
2023-07-14T16:18:04.652Z-error: Internal Server Error
2023-07-14T16:18:04.668Z-error: Record has not found yet
2023-07-14T16:18:04.675Z-error: Internal Server Error
2023-07-14T21:06:27.452Z-error: Failed to create appointment from service
2023-07-14T21:25:27.931Z-error: Failed to create appointment from service
2023-07-14T21:25:31.191Z-error: Failed to create appointment from service
2023-07-14T21:25:45.788Z-error: Failed to create appointment from service
2023-07-14T21:25:51.520Z-error: Failed to create appointment from service
2023-07-14T21:27:02.018Z-error: Failed to create appointment from service
2023-07-14T21:27:48.737Z-error: Failed to create appointment from service
2023-07-14T21:29:55.347Z-error: Failed to create appointment from service
2023-07-14T21:33:59.619Z-error: Failed to create appointment from service
2023-07-14T21:38:35.212Z-error: Failed to create appointment from service
2023-07-14T21:43:30.148Z-error: Failed to create appointment from service
2023-07-14T21:46:11.285Z-error: Failed to create appointment from service
2023-07-14T21:47:11.704Z-error: Failed to create appointment from service
2023-07-14T21:48:11.497Z-error: Failed to create appointment from service
2023-07-14T21:49:52.337Z-error: Failed to create appointment from service
2023-07-14T21:52:26.367Z-error: Failed to create appointment from service
2023-07-14T21:54:24.108Z-error: Failed to create appointment from service: DoctorCreationError: Failed to create appointment from service: Don't exist doctor with id '2'
2023-07-14T21:55:17.846Z-error: Failed to create appointment from service: DoctorCreationError: Don't exist doctor with id '2'
2023-07-14T21:58:16.807Z-error: Failed to create appointment from service: DoctorCreationError: Don't exist doctor with id '2'
2023-07-14T22:02:06.263Z-error: Failed to create appointment from service: Error: El doctor no existe. No se puede crear la cita.
2023-07-14T22:02:38.321Z-error: Failed to create appointment from service: Error: El doctor no existe. No se puede crear la cita.
2023-07-14T22:04:08.081Z-error: Failed to create appointment from service: Error: El doctor no existe. No se puede crear la cita.
2023-07-14T22:04:18.656Z-error: Failed to create appointment from service: Error: El doctor no existe. No se puede crear la cita.
2023-07-20T18:03:18.430Z-error: Expected double-quoted property name in JSON at position 67
2023-07-20T18:06:00.246Z-error: Failed to create doctor dubt: Error: connect ECONNREFUSED 127.0.0.1:9091
